============================= test session starts =============================
collecting ... collected 7 items

tasks/t0122_dsi_cytoplasm_volume_nsga2/code/test_evaluator_dsi_guard.py::test_silence_pd_threshold_value PASSED [ 14%]
tasks/t0122_dsi_cytoplasm_volume_nsga2/code/test_evaluator_dsi_guard.py::test_all_silent_returns_dsi_zero PASSED [ 28%]
tasks/t0122_dsi_cytoplasm_volume_nsga2/code/test_evaluator_dsi_guard.py::test_one_pd_spike_returns_dsi_zero PASSED [ 42%]
tasks/t0122_dsi_cytoplasm_volume_nsga2/code/test_evaluator_dsi_guard.py::test_two_pd_spikes_returns_dsi_zero PASSED [ 57%]
tasks/t0122_dsi_cytoplasm_volume_nsga2/code/test_evaluator_dsi_guard.py::test_three_pd_spikes_does_not_trip_guard PASSED [ 71%]
tasks/t0122_dsi_cytoplasm_volume_nsga2/code/test_evaluator_dsi_guard.py::test_firing_positive_control_returns_nonzero PASSED [ 85%]
tasks/t0122_dsi_cytoplasm_volume_nsga2/code/test_evaluator_dsi_guard.py::test_ratio_dsi_synthetic_pd5_nd1 PASSED [100%]

============================== 7 passed in 0.27s ==============================
