============================= test session starts =============================
platform win32 -- Python 3.14.4, pytest-9.0.3, pluggy-1.6.0 -- C:\Users\md1avn\Documents\GitHub\neuron-channels-worktrees\t0009_calibrate_dendritic_diameters\.venv\Scripts\python.exe
cachedir: .pytest_cache
rootdir: C:\Users\md1avn\Documents\GitHub\neuron-channels-worktrees\t0009_calibrate_dendritic_diameters
configfile: pyproject.toml
plugins: anyio-4.13.0
collecting ... collected 6 items

tasks/t0009_calibrate_dendritic_diameters/code/test_swc_io.py::test_calibrated_compartment_count_matches PASSED [ 16%]
tasks/t0009_calibrate_dendritic_diameters/code/test_swc_io.py::test_calibrated_topology_unchanged PASSED [ 33%]
tasks/t0009_calibrate_dendritic_diameters/code/test_swc_io.py::test_calibrated_coordinates_unchanged PASSED [ 50%]
tasks/t0009_calibrate_dendritic_diameters/code/test_swc_io.py::test_calibrated_no_radius_below_floor PASSED [ 66%]
tasks/t0009_calibrate_dendritic_diameters/code/test_swc_io.py::test_calibrated_has_at_least_three_distinct_radii PASSED [ 83%]
tasks/t0009_calibrate_dendritic_diameters/code/test_swc_io.py::test_calibrated_summary_matches_source PASSED [100%]

============================== 6 passed in 0.50s ==============================
