============================= test session starts =============================
platform win32 -- Python 3.13.13, pytest-9.0.3, pluggy-1.6.0 -- C:\Users\md1avn\Documents\GitHub\neuron-channels-worktrees\t0054_minimal_dsgc_ampa_nmda_scalar_gaba\.venv\Scripts\python.exe
cachedir: .pytest_cache
rootdir: C:\Users\md1avn\Documents\GitHub\neuron-channels-worktrees\t0054_minimal_dsgc_ampa_nmda_scalar_gaba
configfile: pyproject.toml
plugins: anyio-4.13.0
collecting ... collected 1 item

tasks/t0054_minimal_dsgc_ampa_nmda_scalar_gaba/code/test_placement_seed0_match.py::test_placement_seed0_matches_t0052 PASSED [100%]

============================== 1 passed in 0.08s ==============================
